<?xml version="1.0" encoding="UTF-8"?>
<testsuite name="EncodingTest" tests="1" skipped="0" failures="0" errors="0" timestamp="2020-05-23T07:55:03" hostname="gaalo-HP-EliteBook-Folio-9470m" time="0.002">
  <properties/>
  <testcase name="getSentence_getCorrectSentence_String" classname="EncodingTest" time="0.002"/>
  <system-out><![CDATA[]]></system-out>
  <system-err><![CDATA[]]></system-err>
</testsuite>
