<?xml version="1.0" encoding="UTF-8"?>
<testsuite name="DecodeTest" tests="1" skipped="0" failures="0" errors="0" timestamp="2020-05-23T08:20:42" hostname="gaalo-HP-EliteBook-Folio-9470m" time="0.001">
  <properties/>
  <testcase name="getKey" classname="DecodeTest" time="0.001"/>
  <system-out><![CDATA[]]></system-out>
  <system-err><![CDATA[]]></system-err>
</testsuite>
