<?xml version="1.0" encoding="UTF-8"?>
<testsuite name="DecodeTest" tests="1" skipped="0" failures="0" errors="0" timestamp="2020-05-23T08:24:59" hostname="gaalo-HP-EliteBook-Folio-9470m" time="0.002">
  <properties/>
  <testcase name="setKey" classname="DecodeTest" time="0.002"/>
  <system-out><![CDATA[]]></system-out>
  <system-err><![CDATA[]]></system-err>
</testsuite>
